
<?xml version="1.0" encoding="utf-8"?>
<SubmitResult xmlns="http://106.ihuyi.com/">
<code>406</code>
<msg>手机格式不正确，格式为11位的数字</msg>
<smsid>0</smsid>
</SubmitResult>

2016-08-26 07:22:17
<?xml version="1.0" encoding="utf-8"?>
<SubmitResult xmlns="http://106.ihuyi.com/">
<code>406</code>
<msg>手机格式不正确，格式为11位的数字</msg>
<smsid>0</smsid>
</SubmitResult>

2016-08-26 07:36:54
<?xml version="1.0" encoding="utf-8"?>
<SubmitResult xmlns="http://106.ihuyi.com/">
<code>406</code>
<msg>手机格式不正确，格式为11位的数字</msg>
<smsid>0</smsid>
</SubmitResult>

2016-08-26 07:36:54
<?xml version="1.0" encoding="utf-8"?>
<SubmitResult xmlns="http://106.ihuyi.com/">
<code>406</code>
<msg>手机格式不正确，格式为11位的数字</msg>
<smsid>0</smsid>
</SubmitResult>

2016-08-26 07:36:55
<?xml version="1.0" encoding="utf-8"?>
<SubmitResult xmlns="http://106.ihuyi.com/">
<code>406</code>
<msg>手机格式不正确，格式为11位的数字</msg>
<smsid>0</smsid>
</SubmitResult>

2016-08-26 07:36:56
<?xml version="1.0" encoding="utf-8"?>
<SubmitResult xmlns="http://106.ihuyi.com/">
<code>406</code>
<msg>手机格式不正确，格式为11位的数字</msg>
<smsid>0</smsid>
</SubmitResult>

2016-08-26 07:36:56
<?xml version="1.0" encoding="utf-8"?>
<SubmitResult xmlns="http://106.ihuyi.com/">
<code>406</code>
<msg>手机格式不正确，格式为11位的数字</msg>
<smsid>0</smsid>
</SubmitResult>

2016-08-26 07:37:09
<?xml version="1.0" encoding="utf-8"?>
<SubmitResult xmlns="http://106.ihuyi.com/">
<code>406</code>
<msg>手机格式不正确，格式为11位的数字</msg>
<smsid>0</smsid>
</SubmitResult>

2016-08-26 07:37:10
<?xml version="1.0" encoding="utf-8"?>
<SubmitResult xmlns="http://106.ihuyi.com/">
<code>406</code>
<msg>手机格式不正确，格式为11位的数字</msg>
<smsid>0</smsid>
</SubmitResult>

2016-08-26 07:37:10
<?xml version="1.0" encoding="utf-8"?>
<SubmitResult xmlns="http://106.ihuyi.com/">
<code>406</code>
<msg>手机格式不正确，格式为11位的数字</msg>
<smsid>0</smsid>
</SubmitResult>

2016-08-26 07:37:10
<?xml version="1.0" encoding="utf-8"?>
<SubmitResult xmlns="http://106.ihuyi.com/">
<code>406</code>
<msg>手机格式不正确，格式为11位的数字</msg>
<smsid>0</smsid>
</SubmitResult>

2016-08-26 07:37:11
<?xml version="1.0" encoding="utf-8"?>
<SubmitResult xmlns="http://106.ihuyi.com/">
<code>406</code>
<msg>手机格式不正确，格式为11位的数字</msg>
<smsid>0</smsid>
</SubmitResult>

2016-08-26 07:37:11
<?xml version="1.0" encoding="utf-8"?>
<SubmitResult xmlns="http://106.ihuyi.com/">
<code>406</code>
<msg>手机格式不正确，格式为11位的数字</msg>
<smsid>0</smsid>
</SubmitResult>

2016-08-26 07:37:11
<?xml version="1.0" encoding="utf-8"?>
<SubmitResult xmlns="http://106.ihuyi.com/">
<code>406</code>
<msg>手机格式不正确，格式为11位的数字</msg>
<smsid>0</smsid>
</SubmitResult>

2016-08-26 07:37:12